<?xml version="1.0" encoding="UTF-8"?>
<testsuite name="com.fullcycle.admin.catalogo.application.category.update.UpdateCategoryUseCaseTest" tests="1" skipped="0" failures="0" errors="0" timestamp="2022-07-15T15:19:20" hostname="GA78LMTS2f7bf81f5" time="0.63">
  <properties/>
  <testcase name="givenAValidCommand_whenCallsUpdateCategory_shouldReturnCategoryId()" classname="com.fullcycle.admin.catalogo.application.category.update.UpdateCategoryUseCaseTest" time="0.63"/>
  <system-out><![CDATA[]]></system-out>
  <system-err><![CDATA[]]></system-err>
</testsuite>
