<?xml version="1.0" encoding="UTF-8"?>
<testsuite name="com.fullcycle.admin.catalogo.infraestructure.MainTest" tests="1" skipped="0" failures="0" errors="0" timestamp="2022-07-06T00:39:59" hostname="GA78LMTS2f7bf81f5" time="0.042">
  <properties/>
  <testcase name="testMain()" classname="com.fullcycle.admin.catalogo.infraestructure.MainTest" time="0.042"/>
  <system-out><![CDATA[Hello world!
com.fullcycle.admin.catalogo.domain.Category@60099951
]]></system-out>
  <system-err><![CDATA[]]></system-err>
</testsuite>
