<?xml version="1.0" encoding="UTF-8"?>
<testsuite name="com.fullcycle.admin.catalogo.domain.CategoryTest" tests="1" skipped="0" failures="0" errors="0" timestamp="2022-07-06T00:37:10" hostname="GA78LMTS2f7bf81f5" time="0.017">
  <properties/>
  <testcase name="testNewCategory()" classname="com.fullcycle.admin.catalogo.domain.CategoryTest" time="0.017"/>
  <system-out><![CDATA[]]></system-out>
  <system-err><![CDATA[]]></system-err>
</testsuite>
